<?xml version="1.0" encoding="UTF-8"?>
<robot generator="Robot 4.0 (Python 3.7.5 on win32)" generated="20210525 12:20:15.683" rpa="true" schemaversion="2">
<suite id="s1" name="Tasks" source="c:\Users\gmell\OneDrive\RobocorpRepo\Robocorp level II certification course\tasks.robot">
<test id="s1-t1" name="Order robots from RobotSpareBin Industries Inc">
<kw name="Open the robot order website">
<kw name="New Browser" library="RPA.Browser.Playwright">
<arg>chromium</arg>
<arg>headless=false</arg>
<tag>BrowserControl</tag>
<tag>Setter</tag>
<doc>Create a new playwright Browser with specified options.
See `Browser, Context and Page` for more information about Browser and related concepts.</doc>
<msg timestamp="20210525 12:20:16.836" level="INFO">{"browser": "chromium", "headless": false, "handleSIGINT": true, "handleSIGTERM": true, "handleSIGHUP": true, "timeout": 30000.0, "devtools": false, "slowMo": 0.0}</msg>
<msg timestamp="20210525 12:20:17.282" level="INFO">Successfully created browser with options: {"browser":"chromium","headless":false,"handleSIGINT":true,"handleSIGTERM":true,"handleSIGHUP":true,"timeout":30000,"devtools":false,"slowMo":0}</msg>
<status status="PASS" starttime="20210525 12:20:16.836" endtime="20210525 12:20:17.286"/>
</kw>
<kw name="New Context" library="RPA.Browser.Playwright">
<arg>viewport={'width': 1920, 'height': 1080}</arg>
<arg>acceptDownloads=true</arg>
<tag>BrowserControl</tag>
<tag>Setter</tag>
<doc>Create a new BrowserContext with specified options.
See `Browser, Context and Page` for more information about BrowserContext.</doc>
<msg timestamp="20210525 12:20:17.286" level="INFO">{"acceptDownloads": true, "ignoreHTTPSErrors": false, "bypassCSP": false, "viewport": {"height": 1080, "width": 1920}, "deviceScaleFactor": 1.0, "isMobile": false, "hasTouch": false, "javaScriptEnabled": true, "offline": false, "hideRfBrowser": false}</msg>
<msg timestamp="20210525 12:20:17.286" level="INFO">Successfully created context with options: {"acceptDownloads":true,"ignoreHTTPSErrors":false,"bypassCSP":false,"viewport":{"height":1080,"width":1920},"deviceScaleFactor":1,"isMobile":false,"hasTouch":false,"javaScriptEnabled":true,"offline":false,"hideRfBrowser":false}</msg>
<status status="PASS" starttime="20210525 12:20:17.286" endtime="20210525 12:20:17.286"/>
</kw>
<kw name="New Page" library="RPA.Browser.Playwright">
<arg>https://robotsparebinindustries.com/#/robot-order</arg>
<tag>BrowserControl</tag>
<tag>Setter</tag>
<doc>Open a new Page. A Page is the Playwright equivalent to a tab.
See `Browser, Context and Page` for more information about Page concept.
Returns a stable identifier for the created page.</doc>
<msg timestamp="20210525 12:20:18.812" level="INFO">Successfully initialized new page object and opened url: https://robotsparebinindustries.com/#/robot-order</msg>
<status status="PASS" starttime="20210525 12:20:17.286" endtime="20210525 12:20:18.812"/>
</kw>
<status status="PASS" starttime="20210525 12:20:16.836" endtime="20210525 12:20:18.812"/>
</kw>
<kw name="Get Orders">
<var>${orders}</var>
<kw name="Download" library="RPA.HTTP">
<arg>url=https://robotsparebinindustries.com/orders.csv</arg>
<arg>overwrite=True</arg>
<arg>target_file=orders.csv</arg>
<doc>An alias for the ``HTTP Get`` keyword.</doc>
<msg timestamp="20210525 12:20:18.814" level="INFO">Creating a new HTTP session</msg>
<msg timestamp="20210525 12:20:18.814" level="INFO">Creating Session using : alias=rpasession_alias.httpsrobotsparebinindustries.com, url=https://robotsparebinindustries.com, headers={},                     cookies={}, auth=None, timeout=None, proxies=None, verify=True,                     debug=0 </msg>
<msg timestamp="20210525 12:20:18.889" level="INFO">GET Request : url=https://robotsparebinindustries.com/orders.csv 
 path_url=/orders.csv 
 headers={'User-Agent': 'python-requests/2.25.1', 'Accept-Encoding': 'gzip, deflate', 'Accept': '*/*', 'Connection': 'keep-alive'} 
 body=None 
 </msg>
<msg timestamp="20210525 12:20:18.889" level="INFO">GET Response : url=https://robotsparebinindustries.com/orders.csv 
 status=200, reason=OK 
 body=Order number,Head,Body,Legs,Address
1,1,2,3,Address 123
2,4,1,5,Address 456
3,6,2,3,Address 789
4,2,3,2,Address 1
5,3,5,1,Address 2
6,1,6,6,Address 3
7,5,1,5,Address 4
8,2,3,3,Address 5
9,3,2,2,Address 6
10,4,4,2,Address 7
11,6,6,1,Address 8
12,1,3,3,Address 9
13,1,5,4,Address A
14,3,1,5,Address B
15,3,2,6,Address C
16,6,3,6,Address D
17,5,4,1,Address E
18,2,5,1,Address F
19,4,6,2,Address G
20,1,1,5,Address H 
 </msg>
<status status="PASS" starttime="20210525 12:20:18.813" endtime="20210525 12:20:18.889"/>
</kw>
<kw name="Read Table From Csv" library="RPA.Tables">
<var>${orders}</var>
<arg>orders.csv</arg>
<arg>header=True</arg>
<doc>Read a CSV file as a table.</doc>
<msg timestamp="20210525 12:20:18.889" level="INFO">${orders} = Table(columns=['Order number', 'Head', 'Body', 'Legs', 'Address'], rows=20)</msg>
<status status="PASS" starttime="20210525 12:20:18.889" endtime="20210525 12:20:18.889"/>
</kw>
<msg timestamp="20210525 12:20:18.889" level="INFO">${orders} = Table(columns=['Order number', 'Head', 'Body', 'Legs', 'Address'], rows=20)</msg>
<status status="PASS" starttime="20210525 12:20:18.812" endtime="20210525 12:20:18.889"/>
</kw>
<for flavor="IN">
<var>${row}</var>
<value>@{orders}</value>
<iter>
<var name="${row}">{'Order number': '1', 'Head': '1', 'Body': '2', 'Legs': '3', 'Address': 'Address 123'}</var>
<kw name="Close the annoying modal">
<kw name="Click" library="RPA.Browser.Playwright">
<arg>text="OK"</arg>
<tag>PageContent</tag>
<tag>Setter</tag>
<doc>Simulates mouse click on the element found by ``selector``.</doc>
<status status="PASS" starttime="20210525 12:20:18.889" endtime="20210525 12:20:18.947"/>
</kw>
<status status="PASS" starttime="20210525 12:20:18.889" endtime="20210525 12:20:18.948"/>
</kw>
<kw name="Fill the form">
<arg>${row}</arg>
<kw name="Log" library="BuiltIn">
<arg>${row}[Order number]</arg>
<doc>Logs the given message with the given level.</doc>
<msg timestamp="20210525 12:20:18.949" level="INFO">1</msg>
<status status="PASS" starttime="20210525 12:20:18.948" endtime="20210525 12:20:18.949"/>
</kw>
<kw name="Select Options By" library="RPA.Browser.Playwright">
<arg>css=#head</arg>
<arg>value</arg>
<arg>${row}[Head]</arg>
<tag>PageContent</tag>
<tag>Setter</tag>
<doc>Selects options from select element found by ``selector``.</doc>
<status status="PASS" starttime="20210525 12:20:18.949" endtime="20210525 12:20:18.961"/>
</kw>
<kw name="Catenate" library="BuiltIn">
<var>${BodyRadioButton}</var>
<arg>SEPARATOR=</arg>
<arg>id-body-</arg>
<arg>${row}[Body]</arg>
<doc>Catenates the given items together and returns the resulted string.</doc>
<msg timestamp="20210525 12:20:18.962" level="INFO">${BodyRadioButton} = id-body-2</msg>
<status status="PASS" starttime="20210525 12:20:18.961" endtime="20210525 12:20:18.962"/>
</kw>
<kw name="Check Checkbox" library="RPA.Browser.Playwright">
<arg>//*[@id="${BodyRadioButton}"]</arg>
<tag>PageContent</tag>
<tag>Setter</tag>
<doc>Checks the checkbox or selects radio button found by ``selector``.</doc>
<status status="PASS" starttime="20210525 12:20:18.962" endtime="20210525 12:20:19.006"/>
</kw>
<kw name="Type Text" library="RPA.Browser.Playwright">
<arg>//*[@id="address"]</arg>
<arg>${row}[Address]</arg>
<tag>PageContent</tag>
<tag>Setter</tag>
<doc>Types the given ``text`` into the text field found by ``selector``.</doc>
<msg timestamp="20210525 12:20:19.006" level="INFO">Types the text 'Address 123' in the given field.</msg>
<status status="PASS" starttime="20210525 12:20:19.006" endtime="20210525 12:20:19.044"/>
</kw>
<kw name="Keyboard Key" library="RPA.Browser.Playwright">
<arg>down</arg>
<arg>Shift</arg>
<tag>PageContent</tag>
<tag>Setter</tag>
<doc>Press a keyboard key on the virtual keyboard or set a key up or down.</doc>
<status status="PASS" starttime="20210525 12:20:19.045" endtime="20210525 12:20:19.051"/>
</kw>
<kw name="Keyboard Key" library="RPA.Browser.Playwright">
<arg>down</arg>
<arg>Tab</arg>
<tag>PageContent</tag>
<tag>Setter</tag>
<doc>Press a keyboard key on the virtual keyboard or set a key up or down.</doc>
<status status="PASS" starttime="20210525 12:20:19.051" endtime="20210525 12:20:19.058"/>
</kw>
<kw name="Keyboard Key" library="RPA.Browser.Playwright">
<arg>up</arg>
<arg>Shift</arg>
<tag>PageContent</tag>
<tag>Setter</tag>
<doc>Press a keyboard key on the virtual keyboard or set a key up or down.</doc>
<status status="PASS" starttime="20210525 12:20:19.058" endtime="20210525 12:20:19.064"/>
</kw>
<kw name="Keyboard Input" library="RPA.Browser.Playwright">
<arg>type</arg>
<arg>${row}[Legs]</arg>
<tag>PageContent</tag>
<tag>Setter</tag>
<doc>Input text into page with virtual keyboard.</doc>
<status status="PASS" starttime="20210525 12:20:19.065" endtime="20210525 12:20:19.071"/>
</kw>
<status status="PASS" starttime="20210525 12:20:18.948" endtime="20210525 12:20:19.071"/>
</kw>
<kw name="Preview the robot">
<kw name="Click" library="RPA.Browser.Playwright">
<arg>//*[@id="preview"]</arg>
<tag>PageContent</tag>
<tag>Setter</tag>
<doc>Simulates mouse click on the element found by ``selector``.</doc>
<status status="PASS" starttime="20210525 12:20:19.071" endtime="20210525 12:20:19.130"/>
</kw>
<status status="PASS" starttime="20210525 12:20:19.071" endtime="20210525 12:20:19.130"/>
</kw>
<kw name="Submit the order">
<kw name="Wait Until Keyword Succeeds" library="BuiltIn">
<arg>10x</arg>
<arg>3 s</arg>
<arg>Click</arg>
<arg>//*[@id="order"]</arg>
<doc>Runs the specified keyword and retries if it fails.</doc>
<kw name="Click" library="RPA.Browser.Playwright">
<arg>//*[@id="order"]</arg>
<tag>PageContent</tag>
<tag>Setter</tag>
<doc>Simulates mouse click on the element found by ``selector``.</doc>
<status status="PASS" starttime="20210525 12:20:19.131" endtime="20210525 12:20:19.183"/>
</kw>
<status status="PASS" starttime="20210525 12:20:19.131" endtime="20210525 12:20:19.183"/>
</kw>
<status status="PASS" starttime="20210525 12:20:19.130" endtime="20210525 12:20:19.183"/>
</kw>
<kw name="Store the receipt as a PDF file">
<var>${pdf}</var>
<arg>${row}[Order number]</arg>
<kw name="Catenate" library="BuiltIn">
<var>${TargetDirectory}</var>
<arg>SEPARATOR=</arg>
<arg>${OUTPUT_DIR}${/}</arg>
<arg>receipts</arg>
<doc>Catenates the given items together and returns the resulted string.</doc>
<msg timestamp="20210525 12:20:19.184" level="INFO">${TargetDirectory} = c:\Users\gmell\OneDrive\RobocorpRepo\receipts</msg>
<status status="PASS" starttime="20210525 12:20:19.184" endtime="20210525 12:20:19.184"/>
</kw>
<kw name="Log" library="BuiltIn">
<arg>${TargetDirectory}${/}${Ordernumber}.pdf</arg>
<doc>Logs the given message with the given level.</doc>
<msg timestamp="20210525 12:20:19.184" level="INFO">c:\Users\gmell\OneDrive\RobocorpRepo\receipts\1.pdf</msg>
<status status="PASS" starttime="20210525 12:20:19.184" endtime="20210525 12:20:19.184"/>
</kw>
<kw name="Does Directory Exist" library="RPA.FileSystem">
<var>${DirectoryExists}</var>
<arg>${TargetDirectory}</arg>
<doc>Returns True if the given directory exists, False if not.</doc>
<msg timestamp="20210525 12:20:19.186" level="INFO">${DirectoryExists} = True</msg>
<status status="PASS" starttime="20210525 12:20:19.184" endtime="20210525 12:20:19.186"/>
</kw>
<if>
<branch type="IF" condition="${DirectoryExists} == ${False}">
<kw name="Create Directory" library="RPA.FileSystem">
<arg>${TargetDirectory}</arg>
<doc>Creates a directory and (optionally) non-existing parent directories.</doc>
<status status="NOT RUN" starttime="20210525 12:20:19.186" endtime="20210525 12:20:19.186"/>
</kw>
<status status="NOT RUN" starttime="20210525 12:20:19.186" endtime="20210525 12:20:19.186"/>
</branch>
<status status="PASS" starttime="20210525 12:20:19.186" endtime="20210525 12:20:19.186"/>
</if>
<kw name="Get Property" library="RPA.Browser.Playwright">
<var>${order_results_html}</var>
<arg>//*[@id="receipt"]</arg>
<arg>outerHTML</arg>
<tag>Assertion</tag>
<tag>Getter</tag>
<tag>PageContent</tag>
<doc>Returns the ``property`` of the element found by ``selector``.</doc>
<msg timestamp="20210525 12:20:19.206" level="INFO">${order_results_html} = &lt;div id="receipt" class="alert alert-success" role="alert"&gt;&lt;h3&gt;Receipt&lt;/h3&gt;&lt;div&gt;2021-05-25T10:20:19.173Z&lt;/div&gt;&lt;p class="badge badge-success"&gt;RSB-ROBO-ORDER-ZOZGLMPAVH&lt;/p&gt;&lt;p&gt;Address 123&lt;/p&gt;&lt;div id="par...</msg>
<status status="PASS" starttime="20210525 12:20:19.186" endtime="20210525 12:20:19.206"/>
</kw>
<kw name="Html To Pdf" library="RPA.PDF">
<arg>${order_results_html}</arg>
<arg>${TargetDirectory}${/}${Ordernumber}.pdf</arg>
<doc>Generate a PDF file from HTML content.</doc>
<msg timestamp="20210525 12:20:19.207" level="INFO">Writing output to file c:\Users\gmell\OneDrive\RobocorpRepo\receipts\1.pdf</msg>
<status status="PASS" starttime="20210525 12:20:19.206" endtime="20210525 12:20:19.210"/>
</kw>
<msg timestamp="20210525 12:20:19.210" level="INFO">${pdf} = None</msg>
<status status="PASS" starttime="20210525 12:20:19.183" endtime="20210525 12:20:19.211"/>
</kw>
<kw name="Go to order another robot">
<kw name="Go To" library="RPA.Browser.Playwright">
<arg>https://robotsparebinindustries.com/#/robot-order</arg>
<tag>BrowserControl</tag>
<tag>Setter</tag>
<doc>Navigates to the given ``url``.</doc>
<msg timestamp="20210525 12:20:19.273" level="INFO">Succesfully opened URL https://robotsparebinindustries.com/#/robot-order</msg>
<status status="PASS" starttime="20210525 12:20:19.211" endtime="20210525 12:20:19.274"/>
</kw>
<status status="PASS" starttime="20210525 12:20:19.211" endtime="20210525 12:20:19.274"/>
</kw>
<status status="PASS" starttime="20210525 12:20:18.889" endtime="20210525 12:20:19.274"/>
</iter>
<iter>
<var name="${row}">{'Order number': '2', 'Head': '4', 'Body': '1', 'Legs': '5', 'Address': 'Address 456'}</var>
<kw name="Close the annoying modal">
<kw name="Click" library="RPA.Browser.Playwright">
<arg>text="OK"</arg>
<tag>PageContent</tag>
<tag>Setter</tag>
<doc>Simulates mouse click on the element found by ``selector``.</doc>
<status status="PASS" starttime="20210525 12:20:19.276" endtime="20210525 12:20:19.323"/>
</kw>
<status status="PASS" starttime="20210525 12:20:19.275" endtime="20210525 12:20:19.323"/>
</kw>
<kw name="Fill the form">
<arg>${row}</arg>
<kw name="Log" library="BuiltIn">
<arg>${row}[Order number]</arg>
<doc>Logs the given message with the given level.</doc>
<msg timestamp="20210525 12:20:19.324" level="INFO">2</msg>
<status status="PASS" starttime="20210525 12:20:19.324" endtime="20210525 12:20:19.324"/>
</kw>
<kw name="Select Options By" library="RPA.Browser.Playwright">
<arg>css=#head</arg>
<arg>value</arg>
<arg>${row}[Head]</arg>
<tag>PageContent</tag>
<tag>Setter</tag>
<doc>Selects options from select element found by ``selector``.</doc>
<status status="PASS" starttime="20210525 12:20:19.324" endtime="20210525 12:20:19.336"/>
</kw>
<kw name="Catenate" library="BuiltIn">
<var>${BodyRadioButton}</var>
<arg>SEPARATOR=</arg>
<arg>id-body-</arg>
<arg>${row}[Body]</arg>
<doc>Catenates the given items together and returns the resulted string.</doc>
<msg timestamp="20210525 12:20:19.337" level="INFO">${BodyRadioButton} = id-body-1</msg>
<status status="PASS" starttime="20210525 12:20:19.337" endtime="20210525 12:20:19.337"/>
</kw>
<kw name="Check Checkbox" library="RPA.Browser.Playwright">
<arg>//*[@id="${BodyRadioButton}"]</arg>
<tag>PageContent</tag>
<tag>Setter</tag>
<doc>Checks the checkbox or selects radio button found by ``selector``.</doc>
<status status="PASS" starttime="20210525 12:20:19.337" endtime="20210525 12:20:19.374"/>
</kw>
<kw name="Type Text" library="RPA.Browser.Playwright">
<arg>//*[@id="address"]</arg>
<arg>${row}[Address]</arg>
<tag>PageContent</tag>
<tag>Setter</tag>
<doc>Types the given ``text`` into the text field found by ``selector``.</doc>
<msg timestamp="20210525 12:20:19.374" level="INFO">Types the text 'Address 456' in the given field.</msg>
<status status="PASS" starttime="20210525 12:20:19.374" endtime="20210525 12:20:19.411"/>
</kw>
<kw name="Keyboard Key" library="RPA.Browser.Playwright">
<arg>down</arg>
<arg>Shift</arg>
<tag>PageContent</tag>
<tag>Setter</tag>
<doc>Press a keyboard key on the virtual keyboard or set a key up or down.</doc>
<status status="PASS" starttime="20210525 12:20:19.411" endtime="20210525 12:20:19.417"/>
</kw>
<kw name="Keyboard Key" library="RPA.Browser.Playwright">
<arg>down</arg>
<arg>Tab</arg>
<tag>PageContent</tag>
<tag>Setter</tag>
<doc>Press a keyboard key on the virtual keyboard or set a key up or down.</doc>
<status status="PASS" starttime="20210525 12:20:19.417" endtime="20210525 12:20:19.423"/>
</kw>
<kw name="Keyboard Key" library="RPA.Browser.Playwright">
<arg>up</arg>
<arg>Shift</arg>
<tag>PageContent</tag>
<tag>Setter</tag>
<doc>Press a keyboard key on the virtual keyboard or set a key up or down.</doc>
<status status="PASS" starttime="20210525 12:20:19.424" endtime="20210525 12:20:19.427"/>
</kw>
<kw name="Keyboard Input" library="RPA.Browser.Playwright">
<arg>type</arg>
<arg>${row}[Legs]</arg>
<tag>PageContent</tag>
<tag>Setter</tag>
<doc>Input text into page with virtual keyboard.</doc>
<status status="PASS" starttime="20210525 12:20:19.428" endtime="20210525 12:20:19.436"/>
</kw>
<status status="PASS" starttime="20210525 12:20:19.323" endtime="20210525 12:20:19.436"/>
</kw>
<kw name="Preview the robot">
<kw name="Click" library="RPA.Browser.Playwright">
<arg>//*[@id="preview"]</arg>
<tag>PageContent</tag>
<tag>Setter</tag>
<doc>Simulates mouse click on the element found by ``selector``.</doc>
<status status="PASS" starttime="20210525 12:20:19.436" endtime="20210525 12:20:19.479"/>
</kw>
<status status="PASS" starttime="20210525 12:20:19.436" endtime="20210525 12:20:19.480"/>
</kw>
<kw name="Submit the order">
<kw name="Wait Until Keyword Succeeds" library="BuiltIn">
<arg>10x</arg>
<arg>3 s</arg>
<arg>Click</arg>
<arg>//*[@id="order"]</arg>
<doc>Runs the specified keyword and retries if it fails.</doc>
<kw name="Click" library="RPA.Browser.Playwright">
<arg>//*[@id="order"]</arg>
<tag>PageContent</tag>
<tag>Setter</tag>
<doc>Simulates mouse click on the element found by ``selector``.</doc>
<status status="PASS" starttime="20210525 12:20:19.481" endtime="20210525 12:20:19.528"/>
</kw>
<status status="PASS" starttime="20210525 12:20:19.481" endtime="20210525 12:20:19.528"/>
</kw>
<status status="PASS" starttime="20210525 12:20:19.480" endtime="20210525 12:20:19.528"/>
</kw>
<kw name="Store the receipt as a PDF file">
<var>${pdf}</var>
<arg>${row}[Order number]</arg>
<kw name="Catenate" library="BuiltIn">
<var>${TargetDirectory}</var>
<arg>SEPARATOR=</arg>
<arg>${OUTPUT_DIR}${/}</arg>
<arg>receipts</arg>
<doc>Catenates the given items together and returns the resulted string.</doc>
<msg timestamp="20210525 12:20:19.529" level="INFO">${TargetDirectory} = c:\Users\gmell\OneDrive\RobocorpRepo\receipts</msg>
<status status="PASS" starttime="20210525 12:20:19.529" endtime="20210525 12:20:19.529"/>
</kw>
<kw name="Log" library="BuiltIn">
<arg>${TargetDirectory}${/}${Ordernumber}.pdf</arg>
<doc>Logs the given message with the given level.</doc>
<msg timestamp="20210525 12:20:19.530" level="INFO">c:\Users\gmell\OneDrive\RobocorpRepo\receipts\2.pdf</msg>
<status status="PASS" starttime="20210525 12:20:19.529" endtime="20210525 12:20:19.530"/>
</kw>
<kw name="Does Directory Exist" library="RPA.FileSystem">
<var>${DirectoryExists}</var>
<arg>${TargetDirectory}</arg>
<doc>Returns True if the given directory exists, False if not.</doc>
<msg timestamp="20210525 12:20:19.532" level="INFO">${DirectoryExists} = True</msg>
<status status="PASS" starttime="20210525 12:20:19.530" endtime="20210525 12:20:19.532"/>
</kw>
<if>
<branch type="IF" condition="${DirectoryExists} == ${False}">
<kw name="Create Directory" library="RPA.FileSystem">
<arg>${TargetDirectory}</arg>
<doc>Creates a directory and (optionally) non-existing parent directories.</doc>
<status status="NOT RUN" starttime="20210525 12:20:19.533" endtime="20210525 12:20:19.533"/>
</kw>
<status status="NOT RUN" starttime="20210525 12:20:19.532" endtime="20210525 12:20:19.533"/>
</branch>
<status status="PASS" starttime="20210525 12:20:19.532" endtime="20210525 12:20:19.533"/>
</if>
<kw name="Get Property" library="RPA.Browser.Playwright">
<var>${order_results_html}</var>
<arg>//*[@id="receipt"]</arg>
<arg>outerHTML</arg>
<tag>Assertion</tag>
<tag>Getter</tag>
<tag>PageContent</tag>
<doc>Returns the ``property`` of the element found by ``selector``.</doc>
<msg timestamp="20210525 12:20:19.551" level="INFO">${order_results_html} = &lt;div id="receipt" class="alert alert-success" role="alert"&gt;&lt;h3&gt;Receipt&lt;/h3&gt;&lt;div&gt;2021-05-25T10:20:19.523Z&lt;/div&gt;&lt;p class="badge badge-success"&gt;RSB-ROBO-ORDER-RJWFP1M59P&lt;/p&gt;&lt;p&gt;Address 456&lt;/p&gt;&lt;div id="par...</msg>
<status status="PASS" starttime="20210525 12:20:19.533" endtime="20210525 12:20:19.552"/>
</kw>
<kw name="Html To Pdf" library="RPA.PDF">
<arg>${order_results_html}</arg>
<arg>${TargetDirectory}${/}${Ordernumber}.pdf</arg>
<doc>Generate a PDF file from HTML content.</doc>
<msg timestamp="20210525 12:20:19.552" level="INFO">Writing output to file c:\Users\gmell\OneDrive\RobocorpRepo\receipts\2.pdf</msg>
<status status="PASS" starttime="20210525 12:20:19.552" endtime="20210525 12:20:19.554"/>
</kw>
<msg timestamp="20210525 12:20:19.554" level="INFO">${pdf} = None</msg>
<status status="PASS" starttime="20210525 12:20:19.528" endtime="20210525 12:20:19.554"/>
</kw>
<kw name="Go to order another robot">
<kw name="Go To" library="RPA.Browser.Playwright">
<arg>https://robotsparebinindustries.com/#/robot-order</arg>
<tag>BrowserControl</tag>
<tag>Setter</tag>
<doc>Navigates to the given ``url``.</doc>
<msg timestamp="20210525 12:20:19.615" level="INFO">Succesfully opened URL https://robotsparebinindustries.com/#/robot-order</msg>
<status status="PASS" starttime="20210525 12:20:19.554" endtime="20210525 12:20:19.616"/>
</kw>
<status status="PASS" starttime="20210525 12:20:19.554" endtime="20210525 12:20:19.616"/>
</kw>
<status status="PASS" starttime="20210525 12:20:19.275" endtime="20210525 12:20:19.616"/>
</iter>
<iter>
<var name="${row}">{'Order number': '3', 'Head': '6', 'Body': '2', 'Legs': '3', 'Address': 'Address 789'}</var>
<kw name="Close the annoying modal">
<kw name="Click" library="RPA.Browser.Playwright">
<arg>text="OK"</arg>
<tag>PageContent</tag>
<tag>Setter</tag>
<doc>Simulates mouse click on the element found by ``selector``.</doc>
<status status="PASS" starttime="20210525 12:20:19.617" endtime="20210525 12:20:19.657"/>
</kw>
<status status="PASS" starttime="20210525 12:20:19.617" endtime="20210525 12:20:19.657"/>
</kw>
<kw name="Fill the form">
<arg>${row}</arg>
<kw name="Log" library="BuiltIn">
<arg>${row}[Order number]</arg>
<doc>Logs the given message with the given level.</doc>
<msg timestamp="20210525 12:20:19.658" level="INFO">3</msg>
<status status="PASS" starttime="20210525 12:20:19.658" endtime="20210525 12:20:19.658"/>
</kw>
<kw name="Select Options By" library="RPA.Browser.Playwright">
<arg>css=#head</arg>
<arg>value</arg>
<arg>${row}[Head]</arg>
<tag>PageContent</tag>
<tag>Setter</tag>
<doc>Selects options from select element found by ``selector``.</doc>
<status status="PASS" starttime="20210525 12:20:19.658" endtime="20210525 12:20:19.670"/>
</kw>
<kw name="Catenate" library="BuiltIn">
<var>${BodyRadioButton}</var>
<arg>SEPARATOR=</arg>
<arg>id-body-</arg>
<arg>${row}[Body]</arg>
<doc>Catenates the given items together and returns the resulted string.</doc>
<msg timestamp="20210525 12:20:19.670" level="INFO">${BodyRadioButton} = id-body-2</msg>
<status status="PASS" starttime="20210525 12:20:19.670" endtime="20210525 12:20:19.670"/>
</kw>
<kw name="Check Checkbox" library="RPA.Browser.Playwright">
<arg>//*[@id="${BodyRadioButton}"]</arg>
<tag>PageContent</tag>
<tag>Setter</tag>
<doc>Checks the checkbox or selects radio button found by ``selector``.</doc>
<status status="PASS" starttime="20210525 12:20:19.670" endtime="20210525 12:20:19.707"/>
</kw>
<kw name="Type Text" library="RPA.Browser.Playwright">
<arg>//*[@id="address"]</arg>
<arg>${row}[Address]</arg>
<tag>PageContent</tag>
<tag>Setter</tag>
<doc>Types the given ``text`` into the text field found by ``selector``.</doc>
<msg timestamp="20210525 12:20:19.708" level="INFO">Types the text 'Address 789' in the given field.</msg>
<status status="PASS" starttime="20210525 12:20:19.707" endtime="20210525 12:20:19.744"/>
</kw>
<kw name="Keyboard Key" library="RPA.Browser.Playwright">
<arg>down</arg>
<arg>Shift</arg>
<tag>PageContent</tag>
<tag>Setter</tag>
<doc>Press a keyboard key on the virtual keyboard or set a key up or down.</doc>
<status status="PASS" starttime="20210525 12:20:19.744" endtime="20210525 12:20:19.750"/>
</kw>
<kw name="Keyboard Key" library="RPA.Browser.Playwright">
<arg>down</arg>
<arg>Tab</arg>
<tag>PageContent</tag>
<tag>Setter</tag>
<doc>Press a keyboard key on the virtual keyboard or set a key up or down.</doc>
<status status="PASS" starttime="20210525 12:20:19.750" endtime="20210525 12:20:19.755"/>
</kw>
<kw name="Keyboard Key" library="RPA.Browser.Playwright">
<arg>up</arg>
<arg>Shift</arg>
<tag>PageContent</tag>
<tag>Setter</tag>
<doc>Press a keyboard key on the virtual keyboard or set a key up or down.</doc>
<status status="PASS" starttime="20210525 12:20:19.755" endtime="20210525 12:20:19.760"/>
</kw>
<kw name="Keyboard Input" library="RPA.Browser.Playwright">
<arg>type</arg>
<arg>${row}[Legs]</arg>
<tag>PageContent</tag>
<tag>Setter</tag>
<doc>Input text into page with virtual keyboard.</doc>
<status status="PASS" starttime="20210525 12:20:19.760" endtime="20210525 12:20:19.767"/>
</kw>
<status status="PASS" starttime="20210525 12:20:19.657" endtime="20210525 12:20:19.767"/>
</kw>
<kw name="Preview the robot">
<kw name="Click" library="RPA.Browser.Playwright">
<arg>//*[@id="preview"]</arg>
<tag>PageContent</tag>
<tag>Setter</tag>
<doc>Simulates mouse click on the element found by ``selector``.</doc>
<status status="PASS" starttime="20210525 12:20:19.767" endtime="20210525 12:20:19.816"/>
</kw>
<status status="PASS" starttime="20210525 12:20:19.767" endtime="20210525 12:20:19.816"/>
</kw>
<kw name="Submit the order">
<kw name="Wait Until Keyword Succeeds" library="BuiltIn">
<arg>10x</arg>
<arg>3 s</arg>
<arg>Click</arg>
<arg>//*[@id="order"]</arg>
<doc>Runs the specified keyword and retries if it fails.</doc>
<kw name="Click" library="RPA.Browser.Playwright">
<arg>//*[@id="order"]</arg>
<tag>PageContent</tag>
<tag>Setter</tag>
<doc>Simulates mouse click on the element found by ``selector``.</doc>
<status status="PASS" starttime="20210525 12:20:19.817" endtime="20210525 12:20:19.862"/>
</kw>
<status status="PASS" starttime="20210525 12:20:19.816" endtime="20210525 12:20:19.862"/>
</kw>
<status status="PASS" starttime="20210525 12:20:19.816" endtime="20210525 12:20:19.862"/>
</kw>
<kw name="Store the receipt as a PDF file">
<var>${pdf}</var>
<arg>${row}[Order number]</arg>
<kw name="Catenate" library="BuiltIn">
<var>${TargetDirectory}</var>
<arg>SEPARATOR=</arg>
<arg>${OUTPUT_DIR}${/}</arg>
<arg>receipts</arg>
<doc>Catenates the given items together and returns the resulted string.</doc>
<msg timestamp="20210525 12:20:19.863" level="INFO">${TargetDirectory} = c:\Users\gmell\OneDrive\RobocorpRepo\receipts</msg>
<status status="PASS" starttime="20210525 12:20:19.863" endtime="20210525 12:20:19.863"/>
</kw>
<kw name="Log" library="BuiltIn">
<arg>${TargetDirectory}${/}${Ordernumber}.pdf</arg>
<doc>Logs the given message with the given level.</doc>
<msg timestamp="20210525 12:20:19.864" level="INFO">c:\Users\gmell\OneDrive\RobocorpRepo\receipts\3.pdf</msg>
<status status="PASS" starttime="20210525 12:20:19.863" endtime="20210525 12:20:19.864"/>
</kw>
<kw name="Does Directory Exist" library="RPA.FileSystem">
<var>${DirectoryExists}</var>
<arg>${TargetDirectory}</arg>
<doc>Returns True if the given directory exists, False if not.</doc>
<msg timestamp="20210525 12:20:19.866" level="INFO">${DirectoryExists} = True</msg>
<status status="PASS" starttime="20210525 12:20:19.864" endtime="20210525 12:20:19.866"/>
</kw>
<if>
<branch type="IF" condition="${DirectoryExists} == ${False}">
<kw name="Create Directory" library="RPA.FileSystem">
<arg>${TargetDirectory}</arg>
<doc>Creates a directory and (optionally) non-existing parent directories.</doc>
<status status="NOT RUN" starttime="20210525 12:20:19.866" endtime="20210525 12:20:19.867"/>
</kw>
<status status="NOT RUN" starttime="20210525 12:20:19.866" endtime="20210525 12:20:19.867"/>
</branch>
<status status="PASS" starttime="20210525 12:20:19.866" endtime="20210525 12:20:19.867"/>
</if>
<kw name="Get Property" library="RPA.Browser.Playwright">
<var>${order_results_html}</var>
<arg>//*[@id="receipt"]</arg>
<arg>outerHTML</arg>
<tag>Assertion</tag>
<tag>Getter</tag>
<tag>PageContent</tag>
<doc>Returns the ``property`` of the element found by ``selector``.</doc>
<msg timestamp="20210525 12:20:19.886" level="INFO">${order_results_html} = &lt;div id="receipt" class="alert alert-success" role="alert"&gt;&lt;h3&gt;Receipt&lt;/h3&gt;&lt;div&gt;2021-05-25T10:20:19.858Z&lt;/div&gt;&lt;p class="badge badge-success"&gt;RSB-ROBO-ORDER-83AE4SUCNS&lt;/p&gt;&lt;p&gt;Address 789&lt;/p&gt;&lt;div id="par...</msg>
<status status="PASS" starttime="20210525 12:20:19.867" endtime="20210525 12:20:19.886"/>
</kw>
<kw name="Html To Pdf" library="RPA.PDF">
<arg>${order_results_html}</arg>
<arg>${TargetDirectory}${/}${Ordernumber}.pdf</arg>
<doc>Generate a PDF file from HTML content.</doc>
<msg timestamp="20210525 12:20:19.886" level="INFO">Writing output to file c:\Users\gmell\OneDrive\RobocorpRepo\receipts\3.pdf</msg>
<status status="PASS" starttime="20210525 12:20:19.886" endtime="20210525 12:20:19.888"/>
</kw>
<msg timestamp="20210525 12:20:19.888" level="INFO">${pdf} = None</msg>
<status status="PASS" starttime="20210525 12:20:19.862" endtime="20210525 12:20:19.888"/>
</kw>
<kw name="Go to order another robot">
<kw name="Go To" library="RPA.Browser.Playwright">
<arg>https://robotsparebinindustries.com/#/robot-order</arg>
<tag>BrowserControl</tag>
<tag>Setter</tag>
<doc>Navigates to the given ``url``.</doc>
<msg timestamp="20210525 12:20:19.946" level="INFO">Succesfully opened URL https://robotsparebinindustries.com/#/robot-order</msg>
<status status="PASS" starttime="20210525 12:20:19.889" endtime="20210525 12:20:19.947"/>
</kw>
<status status="PASS" starttime="20210525 12:20:19.888" endtime="20210525 12:20:19.948"/>
</kw>
<status status="PASS" starttime="20210525 12:20:19.616" endtime="20210525 12:20:19.948"/>
</iter>
<iter>
<var name="${row}">{'Order number': '4', 'Head': '2', 'Body': '3', 'Legs': '2', 'Address': 'Address 1'}</var>
<kw name="Close the annoying modal">
<kw name="Click" library="RPA.Browser.Playwright">
<arg>text="OK"</arg>
<tag>PageContent</tag>
<tag>Setter</tag>
<doc>Simulates mouse click on the element found by ``selector``.</doc>
<status status="PASS" starttime="20210525 12:20:19.949" endtime="20210525 12:20:19.996"/>
</kw>
<status status="PASS" starttime="20210525 12:20:19.949" endtime="20210525 12:20:19.996"/>
</kw>
<kw name="Fill the form">
<arg>${row}</arg>
<kw name="Log" library="BuiltIn">
<arg>${row}[Order number]</arg>
<doc>Logs the given message with the given level.</doc>
<msg timestamp="20210525 12:20:19.998" level="INFO">4</msg>
<status status="PASS" starttime="20210525 12:20:19.997" endtime="20210525 12:20:19.998"/>
</kw>
<kw name="Select Options By" library="RPA.Browser.Playwright">
<arg>css=#head</arg>
<arg>value</arg>
<arg>${row}[Head]</arg>
<tag>PageContent</tag>
<tag>Setter</tag>
<doc>Selects options from select element found by ``selector``.</doc>
<status status="PASS" starttime="20210525 12:20:19.998" endtime="20210525 12:20:20.008"/>
</kw>
<kw name="Catenate" library="BuiltIn">
<var>${BodyRadioButton}</var>
<arg>SEPARATOR=</arg>
<arg>id-body-</arg>
<arg>${row}[Body]</arg>
<doc>Catenates the given items together and returns the resulted string.</doc>
<msg timestamp="20210525 12:20:20.009" level="INFO">${BodyRadioButton} = id-body-3</msg>
<status status="PASS" starttime="20210525 12:20:20.008" endtime="20210525 12:20:20.009"/>
</kw>
<kw name="Check Checkbox" library="RPA.Browser.Playwright">
<arg>//*[@id="${BodyRadioButton}"]</arg>
<tag>PageContent</tag>
<tag>Setter</tag>
<doc>Checks the checkbox or selects radio button found by ``selector``.</doc>
<status status="PASS" starttime="20210525 12:20:20.009" endtime="20210525 12:20:20.057"/>
</kw>
<kw name="Type Text" library="RPA.Browser.Playwright">
<arg>//*[@id="address"]</arg>
<arg>${row}[Address]</arg>
<tag>PageContent</tag>
<tag>Setter</tag>
<doc>Types the given ``text`` into the text field found by ``selector``.</doc>
<msg timestamp="20210525 12:20:20.058" level="INFO">Types the text 'Address 1' in the given field.</msg>
<status status="PASS" starttime="20210525 12:20:20.057" endtime="20210525 12:20:20.090"/>
</kw>
<kw name="Keyboard Key" library="RPA.Browser.Playwright">
<arg>down</arg>
<arg>Shift</arg>
<tag>PageContent</tag>
<tag>Setter</tag>
<doc>Press a keyboard key on the virtual keyboard or set a key up or down.</doc>
<status status="PASS" starttime="20210525 12:20:20.091" endtime="20210525 12:20:20.094"/>
</kw>
<kw name="Keyboard Key" library="RPA.Browser.Playwright">
<arg>down</arg>
<arg>Tab</arg>
<tag>PageContent</tag>
<tag>Setter</tag>
<doc>Press a keyboard key on the virtual keyboard or set a key up or down.</doc>
<status status="PASS" starttime="20210525 12:20:20.094" endtime="20210525 12:20:20.102"/>
</kw>
<kw name="Keyboard Key" library="RPA.Browser.Playwright">
<arg>up</arg>
<arg>Shift</arg>
<tag>PageContent</tag>
<tag>Setter</tag>
<doc>Press a keyboard key on the virtual keyboard or set a key up or down.</doc>
<status status="PASS" starttime="20210525 12:20:20.102" endtime="20210525 12:20:20.106"/>
</kw>
<kw name="Keyboard Input" library="RPA.Browser.Playwright">
<arg>type</arg>
<arg>${row}[Legs]</arg>
<tag>PageContent</tag>
<tag>Setter</tag>
<doc>Input text into page with virtual keyboard.</doc>
<status status="PASS" starttime="20210525 12:20:20.106" endtime="20210525 12:20:20.112"/>
</kw>
<status status="PASS" starttime="20210525 12:20:19.997" endtime="20210525 12:20:20.112"/>
</kw>
<kw name="Preview the robot">
<kw name="Click" library="RPA.Browser.Playwright">
<arg>//*[@id="preview"]</arg>
<tag>PageContent</tag>
<tag>Setter</tag>
<doc>Simulates mouse click on the element found by ``selector``.</doc>
<status status="PASS" starttime="20210525 12:20:20.112" endtime="20210525 12:20:20.162"/>
</kw>
<status status="PASS" starttime="20210525 12:20:20.112" endtime="20210525 12:20:20.162"/>
</kw>
<kw name="Submit the order">
<kw name="Wait Until Keyword Succeeds" library="BuiltIn">
<arg>10x</arg>
<arg>3 s</arg>
<arg>Click</arg>
<arg>//*[@id="order"]</arg>
<doc>Runs the specified keyword and retries if it fails.</doc>
<kw name="Click" library="RPA.Browser.Playwright">
<arg>//*[@id="order"]</arg>
<tag>PageContent</tag>
<tag>Setter</tag>
<doc>Simulates mouse click on the element found by ``selector``.</doc>
<status status="PASS" starttime="20210525 12:20:20.164" endtime="20210525 12:20:20.210"/>
</kw>
<status status="PASS" starttime="20210525 12:20:20.163" endtime="20210525 12:20:20.210"/>
</kw>
<status status="PASS" starttime="20210525 12:20:20.163" endtime="20210525 12:20:20.210"/>
</kw>
<kw name="Store the receipt as a PDF file">
<var>${pdf}</var>
<arg>${row}[Order number]</arg>
<kw name="Catenate" library="BuiltIn">
<var>${TargetDirectory}</var>
<arg>SEPARATOR=</arg>
<arg>${OUTPUT_DIR}${/}</arg>
<arg>receipts</arg>
<doc>Catenates the given items together and returns the resulted string.</doc>
<msg timestamp="20210525 12:20:20.211" level="INFO">${TargetDirectory} = c:\Users\gmell\OneDrive\RobocorpRepo\receipts</msg>
<status status="PASS" starttime="20210525 12:20:20.211" endtime="20210525 12:20:20.211"/>
</kw>
<kw name="Log" library="BuiltIn">
<arg>${TargetDirectory}${/}${Ordernumber}.pdf</arg>
<doc>Logs the given message with the given level.</doc>
<msg timestamp="20210525 12:20:20.212" level="INFO">c:\Users\gmell\OneDrive\RobocorpRepo\receipts\4.pdf</msg>
<status status="PASS" starttime="20210525 12:20:20.211" endtime="20210525 12:20:20.212"/>
</kw>
<kw name="Does Directory Exist" library="RPA.FileSystem">
<var>${DirectoryExists}</var>
<arg>${TargetDirectory}</arg>
<doc>Returns True if the given directory exists, False if not.</doc>
<msg timestamp="20210525 12:20:20.213" level="INFO">${DirectoryExists} = True</msg>
<status status="PASS" starttime="20210525 12:20:20.212" endtime="20210525 12:20:20.213"/>
</kw>
<if>
<branch type="IF" condition="${DirectoryExists} == ${False}">
<kw name="Create Directory" library="RPA.FileSystem">
<arg>${TargetDirectory}</arg>
<doc>Creates a directory and (optionally) non-existing parent directories.</doc>
<status status="NOT RUN" starttime="20210525 12:20:20.214" endtime="20210525 12:20:20.214"/>
</kw>
<status status="NOT RUN" starttime="20210525 12:20:20.214" endtime="20210525 12:20:20.214"/>
</branch>
<status status="PASS" starttime="20210525 12:20:20.213" endtime="20210525 12:20:20.214"/>
</if>
<kw name="Get Property" library="RPA.Browser.Playwright">
<var>${order_results_html}</var>
<arg>//*[@id="receipt"]</arg>
<arg>outerHTML</arg>
<tag>Assertion</tag>
<tag>Getter</tag>
<tag>PageContent</tag>
<doc>Returns the ``property`` of the element found by ``selector``.</doc>
<msg timestamp="20210525 12:20:20.232" level="INFO">${order_results_html} = &lt;div id="receipt" class="alert alert-success" role="alert"&gt;&lt;h3&gt;Receipt&lt;/h3&gt;&lt;div&gt;2021-05-25T10:20:20.207Z&lt;/div&gt;&lt;p class="badge badge-success"&gt;RSB-ROBO-ORDER-Z6OBZUKVT&lt;/p&gt;&lt;p&gt;Address 1&lt;/p&gt;&lt;div id="parts"...</msg>
<status status="PASS" starttime="20210525 12:20:20.214" endtime="20210525 12:20:20.232"/>
</kw>
<kw name="Html To Pdf" library="RPA.PDF">
<arg>${order_results_html}</arg>
<arg>${TargetDirectory}${/}${Ordernumber}.pdf</arg>
<doc>Generate a PDF file from HTML content.</doc>
<msg timestamp="20210525 12:20:20.233" level="INFO">Writing output to file c:\Users\gmell\OneDrive\RobocorpRepo\receipts\4.pdf</msg>
<status status="PASS" starttime="20210525 12:20:20.233" endtime="20210525 12:20:20.235"/>
</kw>
<msg timestamp="20210525 12:20:20.235" level="INFO">${pdf} = None</msg>
<status status="PASS" starttime="20210525 12:20:20.210" endtime="20210525 12:20:20.235"/>
</kw>
<kw name="Go to order another robot">
<kw name="Go To" library="RPA.Browser.Playwright">
<arg>https://robotsparebinindustries.com/#/robot-order</arg>
<tag>BrowserControl</tag>
<tag>Setter</tag>
<doc>Navigates to the given ``url``.</doc>
<msg timestamp="20210525 12:20:20.286" level="INFO">Succesfully opened URL https://robotsparebinindustries.com/#/robot-order</msg>
<status status="PASS" starttime="20210525 12:20:20.235" endtime="20210525 12:20:20.287"/>
</kw>
<status status="PASS" starttime="20210525 12:20:20.235" endtime="20210525 12:20:20.287"/>
</kw>
<status status="PASS" starttime="20210525 12:20:19.948" endtime="20210525 12:20:20.287"/>
</iter>
<iter>
<var name="${row}">{'Order number': '5', 'Head': '3', 'Body': '5', 'Legs': '1', 'Address': 'Address 2'}</var>
<kw name="Close the annoying modal">
<kw name="Click" library="RPA.Browser.Playwright">
<arg>text="OK"</arg>
<tag>PageContent</tag>
<tag>Setter</tag>
<doc>Simulates mouse click on the element found by ``selector``.</doc>
<status status="PASS" starttime="20210525 12:20:20.288" endtime="20210525 12:20:20.351"/>
</kw>
<status status="PASS" starttime="20210525 12:20:20.287" endtime="20210525 12:20:20.351"/>
</kw>
<kw name="Fill the form">
<arg>${row}</arg>
<kw name="Log" library="BuiltIn">
<arg>${row}[Order number]</arg>
<doc>Logs the given message with the given level.</doc>
<msg timestamp="20210525 12:20:20.352" level="INFO">5</msg>
<status status="PASS" starttime="20210525 12:20:20.352" endtime="20210525 12:20:20.352"/>
</kw>
<kw name="Select Options By" library="RPA.Browser.Playwright">
<arg>css=#head</arg>
<arg>value</arg>
<arg>${row}[Head]</arg>
<tag>PageContent</tag>
<tag>Setter</tag>
<doc>Selects options from select element found by ``selector``.</doc>
<status status="PASS" starttime="20210525 12:20:20.352" endtime="20210525 12:20:20.362"/>
</kw>
<kw name="Catenate" library="BuiltIn">
<var>${BodyRadioButton}</var>
<arg>SEPARATOR=</arg>
<arg>id-body-</arg>
<arg>${row}[Body]</arg>
<doc>Catenates the given items together and returns the resulted string.</doc>
<msg timestamp="20210525 12:20:20.363" level="INFO">${BodyRadioButton} = id-body-5</msg>
<status status="PASS" starttime="20210525 12:20:20.362" endtime="20210525 12:20:20.363"/>
</kw>
<kw name="Check Checkbox" library="RPA.Browser.Playwright">
<arg>//*[@id="${BodyRadioButton}"]</arg>
<tag>PageContent</tag>
<tag>Setter</tag>
<doc>Checks the checkbox or selects radio button found by ``selector``.</doc>
<status status="PASS" starttime="20210525 12:20:20.363" endtime="20210525 12:20:20.407"/>
</kw>
<kw name="Type Text" library="RPA.Browser.Playwright">
<arg>//*[@id="address"]</arg>
<arg>${row}[Address]</arg>
<tag>PageContent</tag>
<tag>Setter</tag>
<doc>Types the given ``text`` into the text field found by ``selector``.</doc>
<msg timestamp="20210525 12:20:20.407" level="INFO">Types the text 'Address 2' in the given field.</msg>
<status status="PASS" starttime="20210525 12:20:20.407" endtime="20210525 12:20:20.440"/>
</kw>
<kw name="Keyboard Key" library="RPA.Browser.Playwright">
<arg>down</arg>
<arg>Shift</arg>
<tag>PageContent</tag>
<tag>Setter</tag>
<doc>Press a keyboard key on the virtual keyboard or set a key up or down.</doc>
<status status="PASS" starttime="20210525 12:20:20.440" endtime="20210525 12:20:20.444"/>
</kw>
<kw name="Keyboard Key" library="RPA.Browser.Playwright">
<arg>down</arg>
<arg>Tab</arg>
<tag>PageContent</tag>
<tag>Setter</tag>
<doc>Press a keyboard key on the virtual keyboard or set a key up or down.</doc>
<status status="PASS" starttime="20210525 12:20:20.444" endtime="20210525 12:20:20.451"/>
</kw>
<kw name="Keyboard Key" library="RPA.Browser.Playwright">
<arg>up</arg>
<arg>Shift</arg>
<tag>PageContent</tag>
<tag>Setter</tag>
<doc>Press a keyboard key on the virtual keyboard or set a key up or down.</doc>
<status status="PASS" starttime="20210525 12:20:20.451" endtime="20210525 12:20:20.455"/>
</kw>
<kw name="Keyboard Input" library="RPA.Browser.Playwright">
<arg>type</arg>
<arg>${row}[Legs]</arg>
<tag>PageContent</tag>
<tag>Setter</tag>
<doc>Input text into page with virtual keyboard.</doc>
<status status="PASS" starttime="20210525 12:20:20.455" endtime="20210525 12:20:20.461"/>
</kw>
<status status="PASS" starttime="20210525 12:20:20.351" endtime="20210525 12:20:20.461"/>
</kw>
<kw name="Preview the robot">
<kw name="Click" library="RPA.Browser.Playwright">
<arg>//*[@id="preview"]</arg>
<tag>PageContent</tag>
<tag>Setter</tag>
<doc>Simulates mouse click on the element found by ``selector``.</doc>
<status status="PASS" starttime="20210525 12:20:20.462" endtime="20210525 12:20:20.513"/>
</kw>
<status status="PASS" starttime="20210525 12:20:20.461" endtime="20210525 12:20:20.513"/>
</kw>
<kw name="Submit the order">
<kw name="Wait Until Keyword Succeeds" library="BuiltIn">
<arg>10x</arg>
<arg>3 s</arg>
<arg>Click</arg>
<arg>//*[@id="order"]</arg>
<doc>Runs the specified keyword and retries if it fails.</doc>
<kw name="Click" library="RPA.Browser.Playwright">
<arg>//*[@id="order"]</arg>
<tag>PageContent</tag>
<tag>Setter</tag>
<doc>Simulates mouse click on the element found by ``selector``.</doc>
<status status="PASS" starttime="20210525 12:20:20.515" endtime="20210525 12:20:20.561"/>
</kw>
<status status="PASS" starttime="20210525 12:20:20.515" endtime="20210525 12:20:20.561"/>
</kw>
<status status="PASS" starttime="20210525 12:20:20.514" endtime="20210525 12:20:20.561"/>
</kw>
<kw name="Store the receipt as a PDF file">
<var>${pdf}</var>
<arg>${row}[Order number]</arg>
<kw name="Catenate" library="BuiltIn">
<var>${TargetDirectory}</var>
<arg>SEPARATOR=</arg>
<arg>${OUTPUT_DIR}${/}</arg>
<arg>receipts</arg>
<doc>Catenates the given items together and returns the resulted string.</doc>
<msg timestamp="20210525 12:20:20.562" level="INFO">${TargetDirectory} = c:\Users\gmell\OneDrive\RobocorpRepo\receipts</msg>
<status status="PASS" starttime="20210525 12:20:20.561" endtime="20210525 12:20:20.562"/>
</kw>
<kw name="Log" library="BuiltIn">
<arg>${TargetDirectory}${/}${Ordernumber}.pdf</arg>
<doc>Logs the given message with the given level.</doc>
<msg timestamp="20210525 12:20:20.562" level="INFO">c:\Users\gmell\OneDrive\RobocorpRepo\receipts\5.pdf</msg>
<status status="PASS" starttime="20210525 12:20:20.562" endtime="20210525 12:20:20.562"/>
</kw>
<kw name="Does Directory Exist" library="RPA.FileSystem">
<var>${DirectoryExists}</var>
<arg>${TargetDirectory}</arg>
<doc>Returns True if the given directory exists, False if not.</doc>
<msg timestamp="20210525 12:20:20.563" level="INFO">${DirectoryExists} = True</msg>
<status status="PASS" starttime="20210525 12:20:20.562" endtime="20210525 12:20:20.563"/>
</kw>
<if>
<branch type="IF" condition="${DirectoryExists} == ${False}">
<kw name="Create Directory" library="RPA.FileSystem">
<arg>${TargetDirectory}</arg>
<doc>Creates a directory and (optionally) non-existing parent directories.</doc>
<status status="NOT RUN" starttime="20210525 12:20:20.564" endtime="20210525 12:20:20.564"/>
</kw>
<status status="NOT RUN" starttime="20210525 12:20:20.564" endtime="20210525 12:20:20.564"/>
</branch>
<status status="PASS" starttime="20210525 12:20:20.563" endtime="20210525 12:20:20.564"/>
</if>
<kw name="Get Property" library="RPA.Browser.Playwright">
<var>${order_results_html}</var>
<arg>//*[@id="receipt"]</arg>
<arg>outerHTML</arg>
<tag>Assertion</tag>
<tag>Getter</tag>
<tag>PageContent</tag>
<doc>Returns the ``property`` of the element found by ``selector``.</doc>
<msg timestamp="20210525 12:20:30.962" level="INFO" html="true">&lt;/td&gt;&lt;/tr&gt;&lt;tr&gt;&lt;td colspan="3"&gt;&lt;a href="Order_robots_from_RobotSpareBin_Industries_Inc_FAILURE_SCREENSHOT_7.png"&gt;&lt;img src="Order_robots_from_RobotSpareBin_Industries_Inc_FAILURE_SCREENSHOT_7.png" width="800px"&gt;&lt;/a&gt;</msg>
<msg timestamp="20210525 12:20:30.962" level="FAIL">TimeoutError: page.waitForSelector: Timeout 10000ms exceeded.
=========================== logs ===========================
waiting for selector "//*[@id="receipt"]"
============================================================
Note: use DEBUG=pw:api environment variable and rerun to capture Playwright logs.</msg>
<status status="FAIL" starttime="20210525 12:20:20.564" endtime="20210525 12:20:30.962"/>
</kw>
<kw name="Html To Pdf" library="RPA.PDF">
<arg>${order_results_html}</arg>
<arg>${TargetDirectory}${/}${Ordernumber}.pdf</arg>
<doc>Generate a PDF file from HTML content.</doc>
<status status="NOT RUN" starttime="20210525 12:20:30.962" endtime="20210525 12:20:30.962"/>
</kw>
<status status="FAIL" starttime="20210525 12:20:20.561" endtime="20210525 12:20:30.973"/>
</kw>
<kw name="Go to order another robot">
<status status="NOT RUN" starttime="20210525 12:20:30.973" endtime="20210525 12:20:30.973"/>
</kw>
<status status="FAIL" starttime="20210525 12:20:20.287" endtime="20210525 12:20:30.973"/>
</iter>
<status status="FAIL" starttime="20210525 12:20:18.889" endtime="20210525 12:20:30.973"/>
</for>
<kw name="Pause Execution" library="Dialogs">
<arg>Succes!</arg>
<doc>Pauses test execution until user clicks ``Ok`` button.</doc>
<status status="NOT RUN" starttime="20210525 12:20:30.973" endtime="20210525 12:20:30.973"/>
</kw>
<status status="FAIL" starttime="20210525 12:20:16.832" endtime="20210525 12:20:30.973">TimeoutError: page.waitForSelector: Timeout 10000ms exceeded.
=========================== logs ===========================
waiting for selector "//*[@id="receipt"]"
============================================================
Note: use DEBUG=pw:api environment variable and rerun to capture Playwright logs.</status>
</test>
<test id="s1-t2" name="Minimal task">
<kw name="Log" library="BuiltIn">
<arg>Done.</arg>
<doc>Logs the given message with the given level.</doc>
<msg timestamp="20210525 12:20:31.063" level="INFO">Done.</msg>
<status status="PASS" starttime="20210525 12:20:31.062" endtime="20210525 12:20:31.063"/>
</kw>
<status status="PASS" starttime="20210525 12:20:31.053" endtime="20210525 12:20:31.064"/>
</test>
<doc>Orders robots from RobotSpareBin Industries Inc.
Saves the order HTML receipt as a PDF file.
Saves the screenshot of the ordered robot.
Embeds the screenshot of the robot to the PDF receipt.
Creates ZIP archive of the receipts and the images.</doc>
<status status="FAIL" starttime="20210525 12:20:15.684" endtime="20210525 12:20:31.072"/>
</suite>
<statistics>
<total>
<stat pass="1" fail="1" skip="0">All Tasks</stat>
</total>
<tag>
</tag>
<suite>
<stat pass="1" fail="1" skip="0" id="s1" name="Tasks">Tasks</stat>
</suite>
</statistics>
<errors>
<msg timestamp="20210525 12:20:15.680" level="ERROR">Error in file 'c:\Users\gmell\OneDrive\RobocorpRepo\Robocorp level II certification course\tasks.robot' on line 72: Non-existing setting 'Return]'. Did you mean:
    Return</msg>
</errors>
</robot>
